\BOOKMARK [1][-]{section.1}{\376\377\000I\000n\000t\000r\000o\000d\000u\000c\000t\000i\000o\000n}{}% 1
\BOOKMARK [1][-]{section.2}{\376\377\000P\000r\000o\000b\000l\000e\000m\000\040\000F\000o\000r\000m\000u\000l\000a\000t\000i\000o\000n}{}% 2
\BOOKMARK [1][-]{section.3}{\376\377\000S\000M\000O\000\040\000A\000l\000g\000o\000r\000i\000t\000h\000m}{}% 3
\BOOKMARK [2][-]{subsection.3.1}{\376\377\000S\000M\000O\000\040\000i\000m\000p\000l\000e\000m\000e\000n\000t\000a\000t\000i\000o\000n\000\040\000D\000e\000t\000a\000i\000l\000s}{section.3}% 4
\BOOKMARK [3][-]{subsubsection.3.1.1}{\376\377\000I\000n\000i\000t\000i\000a\000l\000\040\000s\000e\000t\000u\000p}{subsection.3.1}% 5
\BOOKMARK [3][-]{subsubsection.3.1.2}{\376\377\000t\000a\000k\000e\000\137\000s\000t\000e\000p\000\040\000m\000e\000t\000h\000o\000d}{subsection.3.1}% 6
\BOOKMARK [3][-]{subsubsection.3.1.3}{\376\377\000e\000x\000a\000m\000i\000n\000e\000\137\000e\000x\000a\000m\000p\000l\000e\000\040\000m\000e\000t\000h\000o\000d}{subsection.3.1}% 7
\BOOKMARK [3][-]{subsubsection.3.1.4}{\376\377\000f\000i\000t\000\040\000m\000e\000t\000h\000o\000d}{subsection.3.1}% 8
\BOOKMARK [1][-]{section.4}{\376\377\000E\000x\000p\000e\000r\000i\000m\000e\000n\000t\000s\000\040\000o\000n\000\040\000g\000i\000s\000e\000t\000t\000e\000\040\000d\000a\000t\000a\000s\000e\000t}{}% 9
\BOOKMARK [2][-]{subsection.4.1}{\376\377\000T\000h\000e\000\040\000G\000i\000s\000e\000t\000t\000e\000\040\000D\000a\000t\000a\000s\000e\000t}{section.4}% 10
\BOOKMARK [3][-]{subsubsection.4.1.1}{\376\377\000D\000a\000t\000a\000s\000e\000t\000\040\000C\000h\000a\000r\000a\000c\000t\000e\000r\000i\000s\000t\000i\000c\000s}{subsection.4.1}% 11
\BOOKMARK [3][-]{subsubsection.4.1.2}{\376\377\000O\000p\000t\000i\000m\000i\000z\000a\000t\000i\000o\000n\000\040\000a\000n\000d\000\040\000F\000i\000n\000e\000-\000T\000u\000n\000i\000n\000g}{subsection.4.1}% 12
\BOOKMARK [1][-]{section.5}{\376\377\000D\000o\000c\000u\000m\000e\000n\000t\000a\000t\000i\000o\000n\000\040\000f\000o\000r\000\040\000r\000u\000n\000n\000i\000n\000g\000\040\000t\000h\000e\000\040\000c\000o\000d\000e}{}% 13
\BOOKMARK [2][-]{subsection.5.1}{\376\377\000P\000r\000e\000r\000e\000q\000u\000i\000s\000i\000t\000e\000s}{section.5}% 14
\BOOKMARK [2][-]{subsection.5.2}{\376\377\000I\000n\000s\000t\000a\000l\000l\000a\000t\000i\000o\000n}{section.5}% 15
\BOOKMARK [2][-]{subsection.5.3}{\376\377\000D\000a\000t\000a\000s\000e\000t}{section.5}% 16
\BOOKMARK [2][-]{subsection.5.4}{\376\377\000R\000u\000n\000\040\000t\000h\000e\000\040\000c\000o\000d\000e}{section.5}% 17
\BOOKMARK [3][-]{subsubsection.5.4.1}{\376\377\000H\000y\000p\000e\000r\000p\000a\000r\000a\000m\000e\000t\000e\000r\000\040\000T\000u\000n\000i\000n\000g\000\040\000\050\000O\000p\000t\000i\000o\000n\000a\000l\000\051}{subsection.5.4}% 18
\BOOKMARK [3][-]{subsubsection.5.4.2}{\376\377\000T\000r\000a\000i\000n\000i\000n\000g\000\040\000t\000h\000e\000\040\000S\000V\000M\000\040\000C\000l\000a\000s\000s\000i\000f\000i\000e\000r}{subsection.5.4}% 19
\BOOKMARK [3][-]{subsubsection.5.4.3}{\376\377\000V\000i\000e\000w\000i\000n\000g\000\040\000R\000e\000s\000u\000l\000t\000s}{subsection.5.4}% 20
